[ 2016-09-10T10:40:47+08:00 ] ::1 /tp/
INFO: [ app_init ] --START--
INFO: Run Behavior\BuildLiteBehavior [ RunTime:0.000000s ]
INFO: [ app_init ] --END-- [ RunTime:0.001000s ]
INFO: [ app_begin ] --START--
INFO: Run Behavior\ReadHtmlCacheBehavior [ RunTime:0.001000s ]
INFO: [ app_begin ] --END-- [ RunTime:0.001000s ]
SQL: SHOW COLUMNS FROM `product_catalog` [ RunTime:0.0050s ]
SQL: SELECT * FROM `product_catalog` WHERE ( parent_id=0 )  [ RunTime:0.0000s ]
SQL: SHOW COLUMNS FROM `article` [ RunTime:0.0040s ]
SQL: SELECT * FROM `article` WHERE ( type=0 )  [ RunTime:0.0010s ]
SQL: SELECT * FROM `article` WHERE ( type=1 )  [ RunTime:0.0010s ]
SQL: SHOW COLUMNS FROM `product` [ RunTime:0.0050s ]
SQL: SELECT * FROM `product` LIMIT 4   [ RunTime:0.0010s ]
INFO: [ view_parse ] --START--
INFO: [ template_filter ] --START--
INFO: Run Behavior\ContentReplaceBehavior [ RunTime:0.000000s ]
INFO: [ template_filter ] --END-- [ RunTime:0.000000s ]
NOTIC: [8] Undefined index: is_login E:\wamp\www\tp\Application\Runtime\Cache\Home\74c9bdbded7009a43a281be8a565b911.php 第 28 行.
NOTIC: [8] Undefined index: is_login E:\wamp\www\tp\Application\Runtime\Cache\Home\74c9bdbded7009a43a281be8a565b911.php 第 38 行.
SQL: SELECT * FROM `product` WHERE ( cata_id=100 and recommend=1 ) LIMIT 1   [ RunTime:0.0010s ]
SQL: SELECT * FROM `product` WHERE ( cata_id=100 and recommend=0 ) LIMIT 6   [ RunTime:0.0010s ]
SQL: SELECT * FROM `product_catalog` WHERE ( id=100 ) LIMIT 1   [ RunTime:0.0000s ]
INFO: Run Behavior\ParseTemplateBehavior [ RunTime:0.027001s ]
INFO: [ view_parse ] --END-- [ RunTime:0.027001s ]
INFO: [ view_filter ] --START--
INFO: Run Behavior\WriteHtmlCacheBehavior [ RunTime:0.001000s ]
INFO: [ view_filter ] --END-- [ RunTime:0.001000s ]
INFO: [ app_end ] --START--
INFO: Run Behavior\ShowPageTraceBehavior [ RunTime:0.001000s ]
INFO: [ app_end ] --END-- [ RunTime:0.001000s ]

[ 2016-09-10T10:40:58+08:00 ] ::1 /tp/
INFO: [ app_init ] --START--
INFO: Run Behavior\BuildLiteBehavior [ RunTime:0.000000s ]
INFO: [ app_init ] --END-- [ RunTime:0.001001s ]
INFO: [ app_begin ] --START--
INFO: Run Behavior\ReadHtmlCacheBehavior [ RunTime:0.001000s ]
INFO: [ app_begin ] --END-- [ RunTime:0.002000s ]
SQL: SHOW COLUMNS FROM `product_catalog` [ RunTime:0.0050s ]
SQL: SELECT * FROM `product_catalog` WHERE ( parent_id=0 )  [ RunTime:0.0010s ]
SQL: SHOW COLUMNS FROM `article` [ RunTime:0.0040s ]
SQL: SELECT * FROM `article` WHERE ( type=0 )  [ RunTime:0.0000s ]
SQL: SELECT * FROM `article` WHERE ( type=1 )  [ RunTime:0.0000s ]
SQL: SHOW COLUMNS FROM `product` [ RunTime:0.0040s ]
SQL: SELECT * FROM `product` LIMIT 4   [ RunTime:0.0010s ]
INFO: [ view_parse ] --START--
INFO: [ template_filter ] --START--
INFO: Run Behavior\ContentReplaceBehavior [ RunTime:0.001000s ]
INFO: [ template_filter ] --END-- [ RunTime:0.001000s ]
NOTIC: [8] Undefined index: is_login E:\wamp\www\tp\Application\Runtime\Cache\Home\74c9bdbded7009a43a281be8a565b911.php 第 28 行.
NOTIC: [8] Undefined index: is_login E:\wamp\www\tp\Application\Runtime\Cache\Home\74c9bdbded7009a43a281be8a565b911.php 第 38 行.
SQL: SELECT * FROM `product` WHERE ( cata_id=100 and recommend=1 ) LIMIT 1   [ RunTime:0.0010s ]
SQL: SELECT * FROM `product` WHERE ( cata_id=100 and recommend=0 ) LIMIT 6   [ RunTime:0.0010s ]
SQL: SELECT * FROM `product_catalog` WHERE ( id=100 ) LIMIT 1   [ RunTime:0.0010s ]
INFO: Run Behavior\ParseTemplateBehavior [ RunTime:0.028001s ]
INFO: [ view_parse ] --END-- [ RunTime:0.029001s ]
INFO: [ view_filter ] --START--
INFO: Run Behavior\WriteHtmlCacheBehavior [ RunTime:0.001000s ]
INFO: [ view_filter ] --END-- [ RunTime:0.001000s ]
INFO: [ app_end ] --START--
INFO: Run Behavior\ShowPageTraceBehavior [ RunTime:0.001000s ]
INFO: [ app_end ] --END-- [ RunTime:0.002001s ]

[ 2016-09-10T10:45:51+08:00 ] ::1 /tp/index.php/Home/Detail/getlistone/id/1
INFO: [ app_init ] --START--
INFO: Run Behavior\BuildLiteBehavior [ RunTime:0.000000s ]
INFO: [ app_init ] --END-- [ RunTime:0.000000s ]
INFO: [ app_begin ] --START--
INFO: Run Behavior\ReadHtmlCacheBehavior [ RunTime:0.001000s ]
INFO: [ app_begin ] --END-- [ RunTime:0.002000s ]
SQL: SHOW COLUMNS FROM `product_catalog` [ RunTime:0.0090s ]
SQL: SELECT * FROM `product_catalog` WHERE `id` = 1 LIMIT 1   [ RunTime:0.0010s ]
SQL: SELECT * FROM `product_catalog` WHERE ( id=0 ) LIMIT 1   [ RunTime:0.0000s ]
SQL: SELECT * FROM `product_catalog` WHERE ( parent_id=1 )  [ RunTime:0.0010s ]

[ 2016-09-10T10:45:52+08:00 ] ::1 /tp/index.php/Home/Detail/getlistone/id/12
INFO: [ app_init ] --START--
INFO: Run Behavior\BuildLiteBehavior [ RunTime:0.000000s ]
INFO: [ app_init ] --END-- [ RunTime:0.001000s ]
INFO: [ app_begin ] --START--
INFO: Run Behavior\ReadHtmlCacheBehavior [ RunTime:0.001000s ]
INFO: [ app_begin ] --END-- [ RunTime:0.001000s ]
SQL: SHOW COLUMNS FROM `product_catalog` [ RunTime:0.0060s ]
SQL: SELECT * FROM `product_catalog` WHERE `id` = 12 LIMIT 1   [ RunTime:0.0000s ]
SQL: SELECT * FROM `product_catalog` WHERE ( id=1 ) LIMIT 1   [ RunTime:0.0010s ]
SQL: SELECT * FROM `product_catalog` WHERE ( parent_id=12 )  [ RunTime:0.0010s ]
SQL: SELECT * FROM `product_catalog` WHERE `id` = 12 LIMIT 1   [ RunTime:0.0010s ]
SQL: SHOW COLUMNS FROM `product` [ RunTime:0.0050s ]
SQL: SELECT DISTINCT  `brand_id` FROM `product` WHERE ( cata_id in (12,100,101,102) )  [ RunTime:0.0250s ]
SQL: SELECT * FROM `product_catalog` WHERE ( parent_id=1 )  [ RunTime:0.0010s ]
SQL: SELECT * FROM `product_catalog` WHERE `id` = 12 LIMIT 1   [ RunTime:0.0000s ]
SQL: SELECT * FROM `product` WHERE ( cata_id in (12,100,101,102) )  [ RunTime:0.0000s ]
SQL: SHOW COLUMNS FROM `product_barnd` [ RunTime:0.0060s ]
SQL: SELECT * FROM `product_barnd` WHERE ( id in (1,2) )  [ RunTime:0.0000s ]
INFO: [ view_parse ] --START--
INFO: [ template_filter ] --START--
INFO: Run Behavior\ContentReplaceBehavior [ RunTime:0.000000s ]
INFO: [ template_filter ] --END-- [ RunTime:0.001000s ]
NOTIC: [8] Undefined index: is_login E:\wamp\www\tp\Application\Runtime\Cache\Home\5c3cdcfac9fa569627b582c85c27ccaf.php 第 16 行.
NOTIC: [8] Undefined index: is_login E:\wamp\www\tp\Application\Runtime\Cache\Home\5c3cdcfac9fa569627b582c85c27ccaf.php 第 26 行.
INFO: Run Behavior\ParseTemplateBehavior [ RunTime:0.015001s ]
INFO: [ view_parse ] --END-- [ RunTime:0.016001s ]
INFO: [ view_filter ] --START--
INFO: Run Behavior\WriteHtmlCacheBehavior [ RunTime:0.000000s ]
INFO: [ view_filter ] --END-- [ RunTime:0.001000s ]
INFO: [ view_parse ] --START--
INFO: [ template_filter ] --START--
INFO: Run Behavior\ContentReplaceBehavior [ RunTime:0.001000s ]
INFO: [ template_filter ] --END-- [ RunTime:-0.008000s ]
SQL: SHOW COLUMNS FROM `product_img` [ RunTime:0.0050s ]
SQL: SELECT * FROM `product_img` WHERE ( product_id=1 ) LIMIT 4   [ RunTime:0.0010s ]
NOTIC: [8] Trying to get property of non-object E:\wamp\www\tp\Application\Runtime\Cache\Home\3c31616f6aea6351842525e884ec1d02.php 第 76 行.
SQL: SELECT * FROM `product_img` WHERE ( product_id=115 ) LIMIT 4   [ RunTime:0.0020s ]
NOTIC: [8] Trying to get property of non-object E:\wamp\www\tp\Application\Runtime\Cache\Home\3c31616f6aea6351842525e884ec1d02.php 第 76 行.
SQL: SELECT * FROM `product_img` WHERE ( product_id=116 ) LIMIT 4   [ RunTime:0.0010s ]
NOTIC: [8] Trying to get property of non-object E:\wamp\www\tp\Application\Runtime\Cache\Home\3c31616f6aea6351842525e884ec1d02.php 第 76 行.
SQL: SELECT * FROM `product_img` WHERE ( product_id=117 ) LIMIT 4   [ RunTime:0.0010s ]
NOTIC: [8] Trying to get property of non-object E:\wamp\www\tp\Application\Runtime\Cache\Home\3c31616f6aea6351842525e884ec1d02.php 第 76 行.
SQL: SELECT * FROM `product_img` WHERE ( product_id=118 ) LIMIT 4   [ RunTime:0.0000s ]
NOTIC: [8] Trying to get property of non-object E:\wamp\www\tp\Application\Runtime\Cache\Home\3c31616f6aea6351842525e884ec1d02.php 第 76 行.
SQL: SELECT * FROM `product_img` WHERE ( product_id=119 ) LIMIT 4   [ RunTime:0.0000s ]
NOTIC: [8] Trying to get property of non-object E:\wamp\www\tp\Application\Runtime\Cache\Home\3c31616f6aea6351842525e884ec1d02.php 第 76 行.
SQL: SELECT * FROM `product_img` WHERE ( product_id=120 ) LIMIT 4   [ RunTime:0.0000s ]
NOTIC: [8] Trying to get property of non-object E:\wamp\www\tp\Application\Runtime\Cache\Home\3c31616f6aea6351842525e884ec1d02.php 第 76 行.
SQL: SELECT * FROM `product_img` WHERE ( product_id=121 ) LIMIT 4   [ RunTime:0.0010s ]
NOTIC: [8] Trying to get property of non-object E:\wamp\www\tp\Application\Runtime\Cache\Home\3c31616f6aea6351842525e884ec1d02.php 第 76 行.
SQL: SELECT * FROM `product_img` WHERE ( product_id=122 ) LIMIT 4   [ RunTime:0.0010s ]
NOTIC: [8] Trying to get property of non-object E:\wamp\www\tp\Application\Runtime\Cache\Home\3c31616f6aea6351842525e884ec1d02.php 第 76 行.
INFO: Run Behavior\ParseTemplateBehavior [ RunTime:0.036002s ]
INFO: [ view_parse ] --END-- [ RunTime:-0.001000s ]
INFO: [ view_filter ] --START--
INFO: Run Behavior\WriteHtmlCacheBehavior [ RunTime:0.000000s ]
INFO: [ view_filter ] --END-- [ RunTime:-0.036002s ]
INFO: [ app_end ] --START--
INFO: Run Behavior\ShowPageTraceBehavior [ RunTime:0.002000s ]
INFO: [ app_end ] --END-- [ RunTime:0.002000s ]

[ 2016-09-10T10:45:55+08:00 ] ::1 /tp/index.php/Home/Detail/getlistone/id/12?brand_id=2
INFO: [ app_init ] --START--
INFO: Run Behavior\BuildLiteBehavior [ RunTime:0.000000s ]
INFO: [ app_init ] --END-- [ RunTime:0.001000s ]
INFO: [ app_begin ] --START--
INFO: Run Behavior\ReadHtmlCacheBehavior [ RunTime:0.001000s ]
INFO: [ app_begin ] --END-- [ RunTime:0.001000s ]
SQL: SHOW COLUMNS FROM `product_catalog` [ RunTime:0.0050s ]
SQL: SELECT * FROM `product_catalog` WHERE `id` = 12 LIMIT 1   [ RunTime:0.0000s ]
SQL: SELECT * FROM `product_catalog` WHERE ( id=1 ) LIMIT 1   [ RunTime:0.0010s ]
SQL: SELECT * FROM `product_catalog` WHERE ( parent_id=12 )  [ RunTime:0.0010s ]
SQL: SELECT * FROM `product_catalog` WHERE `id` = 12 LIMIT 1   [ RunTime:0.0010s ]
SQL: SHOW COLUMNS FROM `product` [ RunTime:0.0050s ]
SQL: SELECT DISTINCT  `brand_id` FROM `product` WHERE ( cata_id in (12,100,101,102) )  [ RunTime:0.0010s ]
SQL: SELECT * FROM `product_catalog` WHERE ( parent_id=1 )  [ RunTime:0.0010s ]
SQL: SELECT * FROM `product_catalog` WHERE `id` = 12 LIMIT 1   [ RunTime:0.0010s ]
SQL: SELECT * FROM `product` WHERE ( cata_id in (12,100,101,102) and brand_id=2 )  [ RunTime:0.0010s ]
SQL: SHOW COLUMNS FROM `product_barnd` [ RunTime:0.0050s ]
SQL: SELECT * FROM `product_barnd` WHERE ( id in (1,2) )  [ RunTime:0.0010s ]
INFO: [ view_parse ] --START--
INFO: [ template_filter ] --START--
INFO: Run Behavior\ContentReplaceBehavior [ RunTime:0.000000s ]
INFO: [ template_filter ] --END-- [ RunTime:0.000000s ]
NOTIC: [8] Undefined index: is_login E:\wamp\www\tp\Application\Runtime\Cache\Home\5c3cdcfac9fa569627b582c85c27ccaf.php 第 16 行.
NOTIC: [8] Undefined index: is_login E:\wamp\www\tp\Application\Runtime\Cache\Home\5c3cdcfac9fa569627b582c85c27ccaf.php 第 26 行.
INFO: Run Behavior\ParseTemplateBehavior [ RunTime:0.011000s ]
INFO: [ view_parse ] --END-- [ RunTime:0.012000s ]
INFO: [ view_filter ] --START--
INFO: Run Behavior\WriteHtmlCacheBehavior [ RunTime:0.000000s ]
INFO: [ view_filter ] --END-- [ RunTime:0.001000s ]
INFO: [ view_parse ] --START--
INFO: [ template_filter ] --START--
INFO: Run Behavior\ContentReplaceBehavior [ RunTime:0.000000s ]
INFO: [ template_filter ] --END-- [ RunTime:-0.009001s ]
SQL: SHOW COLUMNS FROM `product_img` [ RunTime:0.0050s ]
SQL: SELECT * FROM `product_img` WHERE ( product_id=115 ) LIMIT 4   [ RunTime:0.0010s ]
NOTIC: [8] Trying to get property of non-object E:\wamp\www\tp\Application\Runtime\Cache\Home\3c31616f6aea6351842525e884ec1d02.php 第 76 行.
SQL: SELECT * FROM `product_img` WHERE ( product_id=116 ) LIMIT 4   [ RunTime:0.0010s ]
NOTIC: [8] Trying to get property of non-object E:\wamp\www\tp\Application\Runtime\Cache\Home\3c31616f6aea6351842525e884ec1d02.php 第 76 行.
SQL: SELECT * FROM `product_img` WHERE ( product_id=117 ) LIMIT 4   [ RunTime:0.0000s ]
NOTIC: [8] Trying to get property of non-object E:\wamp\www\tp\Application\Runtime\Cache\Home\3c31616f6aea6351842525e884ec1d02.php 第 76 行.
SQL: SELECT * FROM `product_img` WHERE ( product_id=118 ) LIMIT 4   [ RunTime:0.0000s ]
NOTIC: [8] Trying to get property of non-object E:\wamp\www\tp\Application\Runtime\Cache\Home\3c31616f6aea6351842525e884ec1d02.php 第 76 行.
SQL: SELECT * FROM `product_img` WHERE ( product_id=119 ) LIMIT 4   [ RunTime:0.0010s ]
NOTIC: [8] Trying to get property of non-object E:\wamp\www\tp\Application\Runtime\Cache\Home\3c31616f6aea6351842525e884ec1d02.php 第 76 行.
SQL: SELECT * FROM `product_img` WHERE ( product_id=120 ) LIMIT 4   [ RunTime:0.0000s ]
NOTIC: [8] Trying to get property of non-object E:\wamp\www\tp\Application\Runtime\Cache\Home\3c31616f6aea6351842525e884ec1d02.php 第 76 行.
SQL: SELECT * FROM `product_img` WHERE ( product_id=121 ) LIMIT 4   [ RunTime:0.0010s ]
NOTIC: [8] Trying to get property of non-object E:\wamp\www\tp\Application\Runtime\Cache\Home\3c31616f6aea6351842525e884ec1d02.php 第 76 行.
SQL: SELECT * FROM `product_img` WHERE ( product_id=122 ) LIMIT 4   [ RunTime:0.0010s ]
NOTIC: [8] Trying to get property of non-object E:\wamp\www\tp\Application\Runtime\Cache\Home\3c31616f6aea6351842525e884ec1d02.php 第 76 行.
INFO: Run Behavior\ParseTemplateBehavior [ RunTime:0.031002s ]
INFO: [ view_parse ] --END-- [ RunTime:-0.001000s ]
INFO: [ view_filter ] --START--
INFO: Run Behavior\WriteHtmlCacheBehavior [ RunTime:0.000000s ]
INFO: [ view_filter ] --END-- [ RunTime:-0.031002s ]
INFO: [ app_end ] --START--
INFO: Run Behavior\ShowPageTraceBehavior [ RunTime:0.001000s ]
INFO: [ app_end ] --END-- [ RunTime:0.001000s ]

[ 2016-09-10T10:45:57+08:00 ] ::1 /tp/index.php/Home/Detail/getlistone/id/12?brand_id=1
INFO: [ app_init ] --START--
INFO: Run Behavior\BuildLiteBehavior [ RunTime:0.000000s ]
INFO: [ app_init ] --END-- [ RunTime:0.002000s ]
INFO: [ app_begin ] --START--
INFO: Run Behavior\ReadHtmlCacheBehavior [ RunTime:0.000000s ]
INFO: [ app_begin ] --END-- [ RunTime:0.001000s ]
SQL: SHOW COLUMNS FROM `product_catalog` [ RunTime:0.0050s ]
SQL: SELECT * FROM `product_catalog` WHERE `id` = 12 LIMIT 1   [ RunTime:0.0000s ]
SQL: SELECT * FROM `product_catalog` WHERE ( id=1 ) LIMIT 1   [ RunTime:0.0010s ]
SQL: SELECT * FROM `product_catalog` WHERE ( parent_id=12 )  [ RunTime:0.0000s ]
SQL: SELECT * FROM `product_catalog` WHERE `id` = 12 LIMIT 1   [ RunTime:0.0000s ]
SQL: SHOW COLUMNS FROM `product` [ RunTime:0.0060s ]
SQL: SELECT DISTINCT  `brand_id` FROM `product` WHERE ( cata_id in (12,100,101,102) )  [ RunTime:0.0010s ]
SQL: SELECT * FROM `product_catalog` WHERE ( parent_id=1 )  [ RunTime:0.0000s ]
SQL: SELECT * FROM `product_catalog` WHERE `id` = 12 LIMIT 1   [ RunTime:0.0010s ]
SQL: SELECT * FROM `product` WHERE ( cata_id in (12,100,101,102) and brand_id=1 )  [ RunTime:0.0010s ]
SQL: SHOW COLUMNS FROM `product_barnd` [ RunTime:0.0050s ]
SQL: SELECT * FROM `product_barnd` WHERE ( id in (1,2) )  [ RunTime:0.0000s ]
INFO: [ view_parse ] --START--
INFO: [ template_filter ] --START--
INFO: Run Behavior\ContentReplaceBehavior [ RunTime:0.000000s ]
INFO: [ template_filter ] --END-- [ RunTime:0.000000s ]
NOTIC: [8] Undefined index: is_login E:\wamp\www\tp\Application\Runtime\Cache\Home\5c3cdcfac9fa569627b582c85c27ccaf.php 第 16 行.
NOTIC: [8] Undefined index: is_login E:\wamp\www\tp\Application\Runtime\Cache\Home\5c3cdcfac9fa569627b582c85c27ccaf.php 第 26 行.
INFO: Run Behavior\ParseTemplateBehavior [ RunTime:0.013001s ]
INFO: [ view_parse ] --END-- [ RunTime:0.013001s ]
INFO: [ view_filter ] --START--
INFO: Run Behavior\WriteHtmlCacheBehavior [ RunTime:0.000000s ]
INFO: [ view_filter ] --END-- [ RunTime:0.001000s ]
INFO: [ view_parse ] --START--
INFO: [ template_filter ] --START--
INFO: Run Behavior\ContentReplaceBehavior [ RunTime:0.000000s ]
INFO: [ template_filter ] --END-- [ RunTime:-0.009000s ]
SQL: SHOW COLUMNS FROM `product_img` [ RunTime:0.0050s ]
SQL: SELECT * FROM `product_img` WHERE ( product_id=1 ) LIMIT 4   [ RunTime:0.0010s ]
NOTIC: [8] Trying to get property of non-object E:\wamp\www\tp\Application\Runtime\Cache\Home\3c31616f6aea6351842525e884ec1d02.php 第 76 行.
INFO: Run Behavior\ParseTemplateBehavior [ RunTime:0.019001s ]
INFO: [ view_parse ] --END-- [ RunTime:-0.002000s ]
INFO: [ view_filter ] --START--
INFO: Run Behavior\WriteHtmlCacheBehavior [ RunTime:0.000000s ]
INFO: [ view_filter ] --END-- [ RunTime:-0.020001s ]
INFO: [ app_end ] --START--
INFO: Run Behavior\ShowPageTraceBehavior [ RunTime:0.001000s ]
INFO: [ app_end ] --END-- [ RunTime:0.001000s ]

