[ 2016-08-27T10:48:25+08:00 ] ::1 /TP/index.php//Public/upload/goods/2016/01-13/5695bf6426994.jpg
INFO: [ app_init ] --START--
INFO: Run Behavior\BuildLiteBehavior [ RunTime:0.000000s ]
INFO: [ app_init ] --END-- [ RunTime:0.000000s ]
ERR: 无法加载模块:Public

[ 2016-08-27T10:48:25+08:00 ] ::1 /TP/index.php//Public/upload/goods/2016/03-09/56e01a4088d3b.jpg
INFO: [ app_init ] --START--
INFO: Run Behavior\BuildLiteBehavior [ RunTime:0.000000s ]
INFO: [ app_init ] --END-- [ RunTime:0.001000s ]
ERR: 无法加载模块:Public

[ 2016-08-27T10:48:25+08:00 ] ::1 /TP/index.php//Public/upload/goods/2016/01-13/5695bd0ba3d1d.jpg
INFO: [ app_init ] --START--
INFO: Run Behavior\BuildLiteBehavior [ RunTime:0.001000s ]
INFO: [ app_init ] --END-- [ RunTime:0.001000s ]
ERR: 无法加载模块:Public

[ 2016-08-27T10:48:25+08:00 ] ::1 /TP/index.php//Public/upload/goods/2016/01-13/5695b2f14616a.jpg
INFO: [ app_init ] --START--
INFO: Run Behavior\BuildLiteBehavior [ RunTime:0.000000s ]
INFO: [ app_init ] --END-- [ RunTime:0.001000s ]
ERR: 无法加载模块:Public

