[ 2016-08-26T19:58:26+08:00 ] ::1 /TP/index.php/Detail/detail
INFO: [ app_init ] --START--
INFO: Run Behavior\BuildLiteBehavior [ RunTime:0.000000s ]
INFO: [ app_init ] --END-- [ RunTime:0.001000s ]
ERR: 无法加载模块:Detail

[ 2016-08-26T19:59:05+08:00 ] ::1 /TP/index.php/Detail/detail
INFO: [ app_init ] --START--
INFO: Run Behavior\BuildLiteBehavior [ RunTime:0.000000s ]
INFO: [ app_init ] --END-- [ RunTime:0.001000s ]
ERR: 无法加载模块:Detail

[ 2016-08-26T23:21:58+08:00 ] ::1 /TP/index.php/U(Home/Detail/getlistone,array('id'=%3EArray['id'])).html
INFO: [ app_init ] --START--
INFO: Run Behavior\BuildLiteBehavior [ RunTime:0.000000s ]
INFO: [ app_init ] --END-- [ RunTime:0.001000s ]
ERR: 无法加载模块:U(Home

[ 2016-08-26T23:22:59+08:00 ] ::1 /TP/index.php/U(Home/Detail/getlistone,array('id'=%3EArray['id'])).html
INFO: [ app_init ] --START--
INFO: Run Behavior\BuildLiteBehavior [ RunTime:0.000000s ]
INFO: [ app_init ] --END-- [ RunTime:0.001000s ]
ERR: 无法加载模块:U(Home

[ 2016-08-26T23:23:00+08:00 ] ::1 /TP/index.php/U(Home/Detail/getlistone,array('id'=%3EArray['id'])).html
INFO: [ app_init ] --START--
INFO: Run Behavior\BuildLiteBehavior [ RunTime:0.000000s ]
INFO: [ app_init ] --END-- [ RunTime:0.001000s ]
ERR: 无法加载模块:U(Home

[ 2016-08-26T23:23:00+08:00 ] ::1 /TP/index.php/U(Home/Detail/getlistone,array('id'=%3EArray['id'])).html
INFO: [ app_init ] --START--
INFO: Run Behavior\BuildLiteBehavior [ RunTime:0.000000s ]
INFO: [ app_init ] --END-- [ RunTime:0.000000s ]
ERR: 无法加载模块:U(Home

[ 2016-08-26T23:23:00+08:00 ] ::1 /TP/index.php/U(Home/Detail/getlistone,array('id'=%3EArray['id'])).html
INFO: [ app_init ] --START--
INFO: Run Behavior\BuildLiteBehavior [ RunTime:0.000000s ]
INFO: [ app_init ] --END-- [ RunTime:0.001000s ]
ERR: 无法加载模块:U(Home

[ 2016-08-26T23:32:02+08:00 ] ::1 /TP/index.php/U(Home/Detail/getlistone,array('id'=%3EArray['id'])).html
INFO: [ app_init ] --START--
INFO: Run Behavior\BuildLiteBehavior [ RunTime:0.000000s ]
INFO: [ app_init ] --END-- [ RunTime:0.000000s ]
ERR: 无法加载模块:U(Home

[ 2016-08-26T23:36:20+08:00 ] ::1 /TP/index.php/U(Home/Detail/getlistone,array('id'=%3EArray['id'])).html
INFO: [ app_init ] --START--
INFO: Run Behavior\BuildLiteBehavior [ RunTime:0.000000s ]
INFO: [ app_init ] --END-- [ RunTime:0.000000s ]
ERR: 无法加载模块:U(Home

[ 2016-08-26T23:36:21+08:00 ] ::1 /TP/index.php/U(Home/Detail/getlistone,array('id'=%3EArray['id'])).html
INFO: [ app_init ] --START--
INFO: Run Behavior\BuildLiteBehavior [ RunTime:0.001000s ]
INFO: [ app_init ] --END-- [ RunTime:0.001000s ]
ERR: 无法加载模块:U(Home

[ 2016-08-26T23:36:21+08:00 ] ::1 /TP/index.php/U(Home/Detail/getlistone,array('id'=%3EArray['id'])).html
INFO: [ app_init ] --START--
INFO: Run Behavior\BuildLiteBehavior [ RunTime:0.001000s ]
INFO: [ app_init ] --END-- [ RunTime:0.001000s ]
ERR: 无法加载模块:U(Home

[ 2016-08-26T23:36:21+08:00 ] ::1 /TP/index.php/U(Home/Detail/getlistone,array('id'=%3EArray['id'])).html
INFO: [ app_init ] --START--
INFO: Run Behavior\BuildLiteBehavior [ RunTime:0.001000s ]
INFO: [ app_init ] --END-- [ RunTime:0.001000s ]
ERR: 无法加载模块:U(Home

[ 2016-08-26T23:36:21+08:00 ] ::1 /TP/index.php/U(Home/Detail/getlistone,array('id'=%3EArray['id'])).html
INFO: [ app_init ] --START--
INFO: Run Behavior\BuildLiteBehavior [ RunTime:0.000000s ]
INFO: [ app_init ] --END-- [ RunTime:0.000000s ]
ERR: 无法加载模块:U(Home

